<?xml version="1.0" encoding="UTF-8"?>
<testng-results ignored="0" total="1" passed="1" failed="0" skipped="0">
  <reporter-output>
  </reporter-output>
  <suite started-at="2023-07-06T10:40:32 IST" name="Default suite" finished-at="2023-07-06T10:41:04 IST" duration-ms="31906">
    <groups>
    </groups>
    <test started-at="2023-07-06T10:40:32 IST" name="Default test" finished-at="2023-07-06T10:41:04 IST" duration-ms="31906">
      <class name="TestPack.Test1">
        <test-method is-config="true" signature="setup()[pri:0, instance:TestPack.Test1@74751b3]" started-at="2023-07-06T10:40:32 IST" name="setup" finished-at="2023-07-06T10:40:41 IST" duration-ms="8262" status="PASS">
          <reporter-output>
          </reporter-output>
        </test-method> <!-- setup -->
        <test-method signature="test()[pri:0, instance:TestPack.Test1@74751b3]" started-at="2023-07-06T10:40:41 IST" name="test" finished-at="2023-07-06T10:41:04 IST" duration-ms="23564" status="PASS">
          <reporter-output>
          </reporter-output>
        </test-method> <!-- test -->
      </class> <!-- TestPack.Test1 -->
    </test> <!-- Default test -->
  </suite> <!-- Default suite -->
</testng-results>
